<!DOCTYPE html PUBLIC "-//W3C//DTD XHTML 1.1//EN" "https://www.w3.org/TR/xhtml11/DTD/xhtml11.dtd">
<html xmlns="https://www.w3.org/1999/xhtml">
<head>
<meta http-equiv="content-type" content="text/html; charset=UTF-8"/>
<title>TestNG Report</title>
<style type="text/css">table {margin-bottom:10px;border-collapse:collapse;empty-cells:show}th,td {border:1px solid #009;padding:.25em .5em}th {vertical-align:bottom}td {vertical-align:top}table a {font-weight:bold}.stripe td {background-color: #E6EBF9}.num {text-align:right}.passedodd td {background-color: #3F3}.passedeven td {background-color: #0A0}.skippedodd td {background-color: #DDD}.skippedeven td {background-color: #CCC}.failedodd td,.attn {background-color: #F33}.failedeven td,.stripe .attn {background-color: #D00}.stacktrace {white-space:pre;font-family:monospace}.totop {font-size:85%;text-align:center;border-bottom:2px solid #000}.invisible {display:none}</style>
</head>
<body>
<table>
<tr><th>Test</th><th># Passed</th><th># Skipped</th><th># Retried</th><th># Failed</th><th>Time (ms)</th><th>Included Groups</th><th>Excluded Groups</th></tr>
<tr><th colspan="8">Suite</th></tr>
<tr><td><a href="#t0">ChromeTest</a></td><td class="num">15</td><td class="num">0</td><td class="num attn">5</td><td class="num">0</td><td class="num">161,189</td><td></td><td></td></tr>
<tr class="stripe"><td><a href="#t1">EdgeTest</a></td><td class="num">15</td><td class="num">0</td><td class="num">0</td><td class="num">0</td><td class="num">125,611</td><td></td><td></td></tr>
<tr><th>Total</th><th class="num">30</th><th class="num">0</th><th class="num attn">5</th><th class="num">0</th><th class="num">286,800</th><th colspan="2"></th></tr>
</table>
<table id='summary'><thead><tr><th>Class</th><th>Method</th><th>Start</th><th>Time (ms)</th></tr></thead><tbody><tr><th colspan="4">Suite</th></tr></tbody><tbody id="t0"><tr><th colspan="4">ChromeTest &#8212; retried</th></tr><tr class="retriedeven"><td rowspan="2">testClasses.HomePageTestClass</td><td><a href="#m0">verifySuccessfulSignOut</a></td><td rowspan="2">1735625775680</td><td rowspan="2">3927</td></tr><tr class="retriedeven"><td><a href="#m1">verifySuccessfulSignOut</a></td></tr><tr class="retriedodd"><td rowspan="3">testClasses.ManageProductTestClass</td><td><a href="#m2">verifyProductsPageIsOpenWhileClickingOnListProducts</a></td><td rowspan="1">1735625700556</td><td rowspan="1">3970</td></tr><tr class="retriedodd"><td><a href="#m3">verifyToDeleteAddedProduct</a></td><td rowspan="2">1735625731285</td><td rowspan="2">4083</td></tr><tr class="retriedodd"><td><a href="#m4">verifyToDeleteAddedProduct</a></td></tr><tr><th colspan="4">ChromeTest &#8212; passed</th></tr><tr class="passedeven"><td rowspan="3">testClasses.HomePageTestClass</td><td><a href="#m5">verifyAllTilesDisplayedOnHomePage</a></td><td rowspan="1">1735625762260</td><td rowspan="1">3163</td></tr><tr class="passedeven"><td><a href="#m6">verifySuccessfulSignOut</a></td><td rowspan="1">1735625782760</td><td rowspan="1">4204</td></tr><tr class="passedeven"><td><a href="#m7">verifyTheTooltip_Calculator_isShowingWhileHoveringTheMouseOnCalculator</a></td><td rowspan="1">1735625790247</td><td rowspan="1">3503</td></tr><tr class="passedodd"><td rowspan="7">testClasses.LoginPageTestClass</td><td><a href="#m8">verifyResetPasswordPageComingWhileChickingOnForgotYourPassword</a></td><td rowspan="1">1735625803436</td><td rowspan="1">847</td></tr><tr class="passedodd"><td><a href="#m9">verifySuccessfullLogin</a></td><td rowspan="1">1735625821345</td><td rowspan="1">3315</td></tr><tr class="passedodd"><td><a href="#m10">verifyTheExactURL_OpensWhileHittingTheBaseURL</a></td><td rowspan="1">1735625796772</td><td rowspan="1">27</td></tr><tr class="passedodd"><td><a href="#m11">verifyTheRememberMeCheckboxIsSelectedByDefault</a></td><td rowspan="1">1735625800138</td><td rowspan="1">114</td></tr><tr class="passedodd"><td><a href="#m12">verifyUnsuccessfulLoginOfTheSite</a></td><td rowspan="3">1735625817274</td><td rowspan="3">1077</td></tr><tr class="passedodd"><td><a href="#m13">verifyUnsuccessfulLoginOfTheSite</a></td></tr><tr class="passedodd"><td><a href="#m14">verifyUnsuccessfulLoginOfTheSite</a></td></tr><tr class="passedeven"><td rowspan="3">testClasses.ManageProductTestClass</td><td><a href="#m15">verifyProductsPageIsOpenWhileClickingOnListProducts</a></td><td rowspan="1">1735625707785</td><td rowspan="1">5122</td></tr><tr class="passedeven"><td><a href="#m16">verifyToCreateA_newProduct</a></td><td rowspan="1">1735625716374</td><td rowspan="1">11811</td></tr><tr class="passedeven"><td><a href="#m17">verifyToDeleteAddedProduct</a></td><td rowspan="1">1735625745782</td><td rowspan="1">13206</td></tr><tr class="passedodd"><td rowspan="2">testClasses.ManageUserTestClass</td><td><a href="#m18">verifyTheManageUsersPageIsOpenWhileClickingOnUsers</a></td><td rowspan="1">1735625673626</td><td rowspan="1">7521</td></tr><tr class="passedodd"><td><a href="#m19">verifyToAdd_aNewUser</a></td><td rowspan="1">1735625684792</td><td rowspan="1">12466</td></tr></tbody>
<tbody id="t1"><tr><th colspan="4">EdgeTest &#8212; passed</th></tr><tr class="passedeven"><td rowspan="3">testClasses.HomePageTestClass</td><td><a href="#m20">verifyAllTilesDisplayedOnHomePage</a></td><td rowspan="1">1735625899227</td><td rowspan="1">3359</td></tr><tr class="passedeven"><td><a href="#m21">verifySuccessfulSignOut</a></td><td rowspan="1">1735625906162</td><td rowspan="1">4238</td></tr><tr class="passedeven"><td><a href="#m22">verifyTheTooltip_Calculator_isShowingWhileHoveringTheMouseOnCalculator</a></td><td rowspan="1">1735625913962</td><td rowspan="1">3413</td></tr><tr class="passedodd"><td rowspan="7">testClasses.LoginPageTestClass</td><td><a href="#m23">verifyResetPasswordPageComingWhileChickingOnForgotYourPassword</a></td><td rowspan="1">1735625928341</td><td rowspan="1">809</td></tr><tr class="passedodd"><td><a href="#m24">verifySuccessfullLogin</a></td><td rowspan="1">1735625947386</td><td rowspan="1">3340</td></tr><tr class="passedodd"><td><a href="#m25">verifyTheExactURL_OpensWhileHittingTheBaseURL</a></td><td rowspan="1">1735625920939</td><td rowspan="1">29</td></tr><tr class="passedodd"><td><a href="#m26">verifyTheRememberMeCheckboxIsSelectedByDefault</a></td><td rowspan="1">1735625924141</td><td rowspan="1">88</td></tr><tr class="passedodd"><td><a href="#m27">verifyUnsuccessfulLoginOfTheSite</a></td><td rowspan="3">1735625937507</td><td rowspan="3">1172</td></tr><tr class="passedodd"><td><a href="#m28">verifyUnsuccessfulLoginOfTheSite</a></td></tr><tr class="passedodd"><td><a href="#m29">verifyUnsuccessfulLoginOfTheSite</a></td></tr><tr class="passedeven"><td rowspan="3">testClasses.ManageProductTestClass</td><td><a href="#m30">verifyProductsPageIsOpenWhileClickingOnListProducts</a></td><td rowspan="1">1735625856340</td><td rowspan="1">5484</td></tr><tr class="passedeven"><td><a href="#m31">verifyToCreateA_newProduct</a></td><td rowspan="1">1735625865523</td><td rowspan="1">12381</td></tr><tr class="passedeven"><td><a href="#m32">verifyToDeleteAddedProduct</a></td><td rowspan="1">1735625881372</td><td rowspan="1">13756</td></tr><tr class="passedodd"><td rowspan="2">testClasses.ManageUserTestClass</td><td><a href="#m33">verifyTheManageUsersPageIsOpenWhileClickingOnUsers</a></td><td rowspan="1">1735625830428</td><td rowspan="1">5525</td></tr><tr class="passedodd"><td><a href="#m34">verifyToAdd_aNewUser</a></td><td rowspan="1">1735625839876</td><td rowspan="1">12424</td></tr></tbody>
</table>
<h2>ChromeTest</h2><h3 id="m0">testClasses.HomePageTestClass#verifySuccessfulSignOut</h3><table class="result"><tr><th>Exception</th></tr><tr><td><div class="stacktrace">org.openqa.selenium.ElementClickInterceptedException: element click intercepted: Element &lt;span&gt;...&lt;/span&gt; is not clickable at point (1495, 24). Other element would receive the click: &lt;div class=&quot;tour-backdrop bottom&quot; style=&quot;top: -2.44e-05px; left: 0px; height: 1561px; width: 1530px;&quot;&gt;&lt;/div&gt;
  (Session info: chrome=131.0.6778.205)
Build info: version: &apos;4.15.0&apos;, revision: &apos;1d14b5521b&apos;
System info: os.name: &apos;Windows 10&apos;, os.arch: &apos;amd64&apos;, os.version: &apos;10.0&apos;, java.version: &apos;21.0.4&apos;
Driver info: org.openqa.selenium.chrome.ChromeDriver
Command: [9cd2f3a1a1e90c7ae064af6cc9f450a0, clickElement {id=f.995B05A49812512C8F5891521EAC40EB.d.F7B4C761B42773323FF33A67E4F5E045.e.66}]
Capabilities {acceptInsecureCerts: false, browserName: chrome, browserVersion: 131.0.6778.205, chrome: {chromedriverVersion: 131.0.6778.204 (52183f9e99a..., userDataDir: C:\Users\HP\AppData\Local\T...}, fedcm:accounts: true, goog:chromeOptions: {debuggerAddress: localhost:52107}, networkConnectionEnabled: false, pageLoadStrategy: normal, platformName: windows, proxy: Proxy(), se:cdp: ws://localhost:52107/devtoo..., se:cdpVersion: 131.0.6778.205, setWindowRect: true, strictFileInteractability: false, timeouts: {implicit: 0, pageLoad: 300000, script: 30000}, unhandledPromptBehavior: dismiss and notify, webauthn:extension:credBlob: true, webauthn:extension:largeBlob: true, webauthn:extension:minPinLength: true, webauthn:extension:prf: true, webauthn:virtualAuthenticators: true}
Element: [[ChromeDriver: chrome on windows (9cd2f3a1a1e90c7ae064af6cc9f450a0)] -&gt; xpath: //span[contains(text(),&apos;Admin&apos;)]]
Session ID: 9cd2f3a1a1e90c7ae064af6cc9f450a0
	at org.openqa.selenium.remote.codec.w3c.W3CHttpResponseCodec.createException(W3CHttpResponseCodec.java:200)
	at org.openqa.selenium.remote.codec.w3c.W3CHttpResponseCodec.decode(W3CHttpResponseCodec.java:133)
	at org.openqa.selenium.remote.codec.w3c.W3CHttpResponseCodec.decode(W3CHttpResponseCodec.java:52)
	at org.openqa.selenium.remote.HttpCommandExecutor.execute(HttpCommandExecutor.java:191)
	at org.openqa.selenium.remote.service.DriverCommandExecutor.invokeExecute(DriverCommandExecutor.java:200)
	at org.openqa.selenium.remote.service.DriverCommandExecutor.execute(DriverCommandExecutor.java:175)
	at org.openqa.selenium.remote.RemoteWebDriver.execute(RemoteWebDriver.java:607)
	at org.openqa.selenium.remote.RemoteWebElement.execute(RemoteWebElement.java:224)
	at org.openqa.selenium.remote.RemoteWebElement.click(RemoteWebElement.java:77)
	at org.openqa.selenium.support.pagefactory.internal.LocatingElementHandler.invoke(LocatingElementHandler.java:51)
	at jdk.proxy2/jdk.proxy2.$Proxy17.click(Unknown Source)
	at utility.GeneralUtilities.clickElement(GeneralUtilities.java:12)
	at pageClasses.HomePageClass.signOutFromHomePage(HomePageClass.java:112)
	at testClasses.HomePageTestClass.verifySuccessfulSignOut(HomePageTestClass.java:51)
	at java.base/java.util.ArrayList.forEach(ArrayList.java:1596)
... Removed 30 stack frames</div></td></tr></table><p class="totop"><a href="#summary">back to summary</a></p>
<h3 id="m1">testClasses.HomePageTestClass#verifySuccessfulSignOut</h3><table class="result"><tr><th>Exception</th></tr><tr><td><div class="stacktrace">org.openqa.selenium.ElementClickInterceptedException: element click intercepted: Element &lt;span&gt;...&lt;/span&gt; is not clickable at point (1495, 24). Other element would receive the click: &lt;div class=&quot;tour-backdrop bottom&quot; style=&quot;top: -2.44e-05px; left: 0px; height: 1561px; width: 1530px;&quot;&gt;&lt;/div&gt;
  (Session info: chrome=131.0.6778.205)
Build info: version: &apos;4.15.0&apos;, revision: &apos;1d14b5521b&apos;
System info: os.name: &apos;Windows 10&apos;, os.arch: &apos;amd64&apos;, os.version: &apos;10.0&apos;, java.version: &apos;21.0.4&apos;
Driver info: org.openqa.selenium.chrome.ChromeDriver
Command: [369fa08c7d442d27e1d3114f86821780, clickElement {id=f.3AF5C42303CBE569663D2923D589CC08.d.3FCE9C3DBA8E5DDCD0A68CC61A8E9CD8.e.68}]
Capabilities {acceptInsecureCerts: false, browserName: chrome, browserVersion: 131.0.6778.205, chrome: {chromedriverVersion: 131.0.6778.204 (52183f9e99a..., userDataDir: C:\Users\HP\AppData\Local\T...}, fedcm:accounts: true, goog:chromeOptions: {debuggerAddress: localhost:52081}, networkConnectionEnabled: false, pageLoadStrategy: normal, platformName: windows, proxy: Proxy(), se:cdp: ws://localhost:52081/devtoo..., se:cdpVersion: 131.0.6778.205, setWindowRect: true, strictFileInteractability: false, timeouts: {implicit: 0, pageLoad: 300000, script: 30000}, unhandledPromptBehavior: dismiss and notify, webauthn:extension:credBlob: true, webauthn:extension:largeBlob: true, webauthn:extension:minPinLength: true, webauthn:extension:prf: true, webauthn:virtualAuthenticators: true}
Element: [[ChromeDriver: chrome on windows (369fa08c7d442d27e1d3114f86821780)] -&gt; xpath: //span[contains(text(),&apos;Admin&apos;)]]
Session ID: 369fa08c7d442d27e1d3114f86821780
	at org.openqa.selenium.remote.codec.w3c.W3CHttpResponseCodec.createException(W3CHttpResponseCodec.java:200)
	at org.openqa.selenium.remote.codec.w3c.W3CHttpResponseCodec.decode(W3CHttpResponseCodec.java:133)
	at org.openqa.selenium.remote.codec.w3c.W3CHttpResponseCodec.decode(W3CHttpResponseCodec.java:52)
	at org.openqa.selenium.remote.HttpCommandExecutor.execute(HttpCommandExecutor.java:191)
	at org.openqa.selenium.remote.service.DriverCommandExecutor.invokeExecute(DriverCommandExecutor.java:200)
	at org.openqa.selenium.remote.service.DriverCommandExecutor.execute(DriverCommandExecutor.java:175)
	at org.openqa.selenium.remote.RemoteWebDriver.execute(RemoteWebDriver.java:607)
	at org.openqa.selenium.remote.RemoteWebElement.execute(RemoteWebElement.java:224)
	at org.openqa.selenium.remote.RemoteWebElement.click(RemoteWebElement.java:77)
	at org.openqa.selenium.support.pagefactory.internal.LocatingElementHandler.invoke(LocatingElementHandler.java:51)
	at jdk.proxy2/jdk.proxy2.$Proxy17.click(Unknown Source)
	at utility.GeneralUtilities.clickElement(GeneralUtilities.java:12)
	at pageClasses.HomePageClass.signOutFromHomePage(HomePageClass.java:112)
	at testClasses.HomePageTestClass.verifySuccessfulSignOut(HomePageTestClass.java:51)
	at java.base/java.util.ArrayList.forEach(ArrayList.java:1596)
... Removed 30 stack frames</div></td></tr></table><p class="totop"><a href="#summary">back to summary</a></p>
<h3 id="m2">testClasses.ManageProductTestClass#verifyProductsPageIsOpenWhileClickingOnListProducts</h3><table class="result"><tr><th>Exception</th></tr><tr><td><div class="stacktrace">org.openqa.selenium.ElementClickInterceptedException: element click intercepted: Element &lt;a href=&quot;#&quot; id=&quot;tour_step5_menu&quot;&gt;...&lt;/a&gt; is not clickable at point (115, 204). Other element would receive the click: &lt;div class=&quot;tour-backdrop bottom&quot; style=&quot;top: -2.44e-05px; left: 0px; height: 1561px; width: 1530px;&quot;&gt;&lt;/div&gt;
  (Session info: chrome=131.0.6778.205)
Build info: version: &apos;4.15.0&apos;, revision: &apos;1d14b5521b&apos;
System info: os.name: &apos;Windows 10&apos;, os.arch: &apos;amd64&apos;, os.version: &apos;10.0&apos;, java.version: &apos;21.0.4&apos;
Driver info: org.openqa.selenium.chrome.ChromeDriver
Command: [907ef5cc91c7fb0ab4f9f8f9748bcbd3, clickElement {id=f.86D910A9D33A9078AF0A0FCFDF3FBCE9.d.6CD7266B33E40D0E9FA56D2AAE8CC0EC.e.67}]
Capabilities {acceptInsecureCerts: false, browserName: chrome, browserVersion: 131.0.6778.205, chrome: {chromedriverVersion: 131.0.6778.204 (52183f9e99a..., userDataDir: C:\Users\HP\AppData\Local\T...}, fedcm:accounts: true, goog:chromeOptions: {debuggerAddress: localhost:51883}, networkConnectionEnabled: false, pageLoadStrategy: normal, platformName: windows, proxy: Proxy(), se:cdp: ws://localhost:51883/devtoo..., se:cdpVersion: 131.0.6778.205, setWindowRect: true, strictFileInteractability: false, timeouts: {implicit: 0, pageLoad: 300000, script: 30000}, unhandledPromptBehavior: dismiss and notify, webauthn:extension:credBlob: true, webauthn:extension:largeBlob: true, webauthn:extension:minPinLength: true, webauthn:extension:prf: true, webauthn:virtualAuthenticators: true}
Element: [[ChromeDriver: chrome on windows (907ef5cc91c7fb0ab4f9f8f9748bcbd3)] -&gt; id: tour_step5_menu]
Session ID: 907ef5cc91c7fb0ab4f9f8f9748bcbd3
	at org.openqa.selenium.remote.codec.w3c.W3CHttpResponseCodec.createException(W3CHttpResponseCodec.java:200)
	at org.openqa.selenium.remote.codec.w3c.W3CHttpResponseCodec.decode(W3CHttpResponseCodec.java:133)
	at org.openqa.selenium.remote.codec.w3c.W3CHttpResponseCodec.decode(W3CHttpResponseCodec.java:52)
	at org.openqa.selenium.remote.HttpCommandExecutor.execute(HttpCommandExecutor.java:191)
	at org.openqa.selenium.remote.service.DriverCommandExecutor.invokeExecute(DriverCommandExecutor.java:200)
	at org.openqa.selenium.remote.service.DriverCommandExecutor.execute(DriverCommandExecutor.java:175)
	at org.openqa.selenium.remote.RemoteWebDriver.execute(RemoteWebDriver.java:607)
	at org.openqa.selenium.remote.RemoteWebElement.execute(RemoteWebElement.java:224)
	at org.openqa.selenium.remote.RemoteWebElement.click(RemoteWebElement.java:77)
	at org.openqa.selenium.support.pagefactory.internal.LocatingElementHandler.invoke(LocatingElementHandler.java:51)
	at jdk.proxy2/jdk.proxy2.$Proxy17.click(Unknown Source)
	at utility.GeneralUtilities.clickElement(GeneralUtilities.java:12)
	at pageClasses.HomePageClass.clickOnListProductsBtnUnderProducts(HomePageClass.java:106)
	at testClasses.ManageProductTestClass.verifyProductsPageIsOpenWhileClickingOnListProducts(ManageProductTestClass.java:29)
	at java.base/java.util.ArrayList.forEach(ArrayList.java:1596)
... Removed 30 stack frames</div></td></tr></table><p class="totop"><a href="#summary">back to summary</a></p>
<h3 id="m3">testClasses.ManageProductTestClass#verifyToDeleteAddedProduct</h3><table class="result"><tr><th>Exception</th></tr><tr><td><div class="stacktrace">org.openqa.selenium.ElementClickInterceptedException: element click intercepted: Element &lt;a href=&quot;#&quot; id=&quot;tour_step5_menu&quot;&gt;...&lt;/a&gt; is not clickable at point (115, 204). Other element would receive the click: &lt;div class=&quot;tour-backdrop bottom&quot; style=&quot;top: -2.44e-05px; left: 0px; height: 1561px; width: 1530px;&quot;&gt;&lt;/div&gt;
  (Session info: chrome=131.0.6778.205)
Build info: version: &apos;4.15.0&apos;, revision: &apos;1d14b5521b&apos;
System info: os.name: &apos;Windows 10&apos;, os.arch: &apos;amd64&apos;, os.version: &apos;10.0&apos;, java.version: &apos;21.0.4&apos;
Driver info: org.openqa.selenium.chrome.ChromeDriver
Command: [df9f9ee29ba61ded9acd5c5d9dc197e3, clickElement {id=f.08A894C05B9928D7C5D1C7B93BCBFD62.d.111ACEBB4FFB5710E2EFFAE447277ADB.e.67}]
Capabilities {acceptInsecureCerts: false, browserName: chrome, browserVersion: 131.0.6778.205, chrome: {chromedriverVersion: 131.0.6778.204 (52183f9e99a..., userDataDir: C:\Users\HP\AppData\Local\T...}, fedcm:accounts: true, goog:chromeOptions: {debuggerAddress: localhost:51974}, networkConnectionEnabled: false, pageLoadStrategy: normal, platformName: windows, proxy: Proxy(), se:cdp: ws://localhost:51974/devtoo..., se:cdpVersion: 131.0.6778.205, setWindowRect: true, strictFileInteractability: false, timeouts: {implicit: 0, pageLoad: 300000, script: 30000}, unhandledPromptBehavior: dismiss and notify, webauthn:extension:credBlob: true, webauthn:extension:largeBlob: true, webauthn:extension:minPinLength: true, webauthn:extension:prf: true, webauthn:virtualAuthenticators: true}
Element: [[ChromeDriver: chrome on windows (df9f9ee29ba61ded9acd5c5d9dc197e3)] -&gt; id: tour_step5_menu]
Session ID: df9f9ee29ba61ded9acd5c5d9dc197e3
	at org.openqa.selenium.remote.codec.w3c.W3CHttpResponseCodec.createException(W3CHttpResponseCodec.java:200)
	at org.openqa.selenium.remote.codec.w3c.W3CHttpResponseCodec.decode(W3CHttpResponseCodec.java:133)
	at org.openqa.selenium.remote.codec.w3c.W3CHttpResponseCodec.decode(W3CHttpResponseCodec.java:52)
	at org.openqa.selenium.remote.HttpCommandExecutor.execute(HttpCommandExecutor.java:191)
	at org.openqa.selenium.remote.service.DriverCommandExecutor.invokeExecute(DriverCommandExecutor.java:200)
	at org.openqa.selenium.remote.service.DriverCommandExecutor.execute(DriverCommandExecutor.java:175)
	at org.openqa.selenium.remote.RemoteWebDriver.execute(RemoteWebDriver.java:607)
	at org.openqa.selenium.remote.RemoteWebElement.execute(RemoteWebElement.java:224)
	at org.openqa.selenium.remote.RemoteWebElement.click(RemoteWebElement.java:77)
	at org.openqa.selenium.support.pagefactory.internal.LocatingElementHandler.invoke(LocatingElementHandler.java:51)
	at jdk.proxy2/jdk.proxy2.$Proxy17.click(Unknown Source)
	at utility.GeneralUtilities.clickElement(GeneralUtilities.java:12)
	at pageClasses.HomePageClass.clickOnListProductsBtnUnderProducts(HomePageClass.java:106)
	at testClasses.ManageProductTestClass.verifyToDeleteAddedProduct(ManageProductTestClass.java:70)
	at java.base/java.util.ArrayList.forEach(ArrayList.java:1596)
... Removed 30 stack frames</div></td></tr></table><p class="totop"><a href="#summary">back to summary</a></p>
<h3 id="m4">testClasses.ManageProductTestClass#verifyToDeleteAddedProduct</h3><table class="result"><tr><th>Exception</th></tr><tr><td><div class="stacktrace">org.openqa.selenium.ElementClickInterceptedException: element click intercepted: Element &lt;a href=&quot;#&quot; id=&quot;tour_step5_menu&quot;&gt;...&lt;/a&gt; is not clickable at point (115, 204). Other element would receive the click: &lt;div class=&quot;tour-backdrop bottom&quot; style=&quot;top: -2.44e-05px; left: 0px; height: 1561px; width: 1530px;&quot;&gt;&lt;/div&gt;
  (Session info: chrome=131.0.6778.205)
Build info: version: &apos;4.15.0&apos;, revision: &apos;1d14b5521b&apos;
System info: os.name: &apos;Windows 10&apos;, os.arch: &apos;amd64&apos;, os.version: &apos;10.0&apos;, java.version: &apos;21.0.4&apos;
Driver info: org.openqa.selenium.chrome.ChromeDriver
Command: [b3d4b3eee561a1c71e50d2244f80bbbf, clickElement {id=f.1C886D7E1EE43AFE4A71FA25225D2A52.d.054EFDA77B5ED954E0961114B1839D07.e.27}]
Capabilities {acceptInsecureCerts: false, browserName: chrome, browserVersion: 131.0.6778.205, chrome: {chromedriverVersion: 131.0.6778.204 (52183f9e99a..., userDataDir: C:\Users\HP\AppData\Local\T...}, fedcm:accounts: true, goog:chromeOptions: {debuggerAddress: localhost:51997}, networkConnectionEnabled: false, pageLoadStrategy: normal, platformName: windows, proxy: Proxy(), se:cdp: ws://localhost:51997/devtoo..., se:cdpVersion: 131.0.6778.205, setWindowRect: true, strictFileInteractability: false, timeouts: {implicit: 0, pageLoad: 300000, script: 30000}, unhandledPromptBehavior: dismiss and notify, webauthn:extension:credBlob: true, webauthn:extension:largeBlob: true, webauthn:extension:minPinLength: true, webauthn:extension:prf: true, webauthn:virtualAuthenticators: true}
Element: [[ChromeDriver: chrome on windows (b3d4b3eee561a1c71e50d2244f80bbbf)] -&gt; id: tour_step5_menu]
Session ID: b3d4b3eee561a1c71e50d2244f80bbbf
	at org.openqa.selenium.remote.codec.w3c.W3CHttpResponseCodec.createException(W3CHttpResponseCodec.java:200)
	at org.openqa.selenium.remote.codec.w3c.W3CHttpResponseCodec.decode(W3CHttpResponseCodec.java:133)
	at org.openqa.selenium.remote.codec.w3c.W3CHttpResponseCodec.decode(W3CHttpResponseCodec.java:52)
	at org.openqa.selenium.remote.HttpCommandExecutor.execute(HttpCommandExecutor.java:191)
	at org.openqa.selenium.remote.service.DriverCommandExecutor.invokeExecute(DriverCommandExecutor.java:200)
	at org.openqa.selenium.remote.service.DriverCommandExecutor.execute(DriverCommandExecutor.java:175)
	at org.openqa.selenium.remote.RemoteWebDriver.execute(RemoteWebDriver.java:607)
	at org.openqa.selenium.remote.RemoteWebElement.execute(RemoteWebElement.java:224)
	at org.openqa.selenium.remote.RemoteWebElement.click(RemoteWebElement.java:77)
	at org.openqa.selenium.support.pagefactory.internal.LocatingElementHandler.invoke(LocatingElementHandler.java:51)
	at jdk.proxy2/jdk.proxy2.$Proxy17.click(Unknown Source)
	at utility.GeneralUtilities.clickElement(GeneralUtilities.java:12)
	at pageClasses.HomePageClass.clickOnListProductsBtnUnderProducts(HomePageClass.java:106)
	at testClasses.ManageProductTestClass.verifyToDeleteAddedProduct(ManageProductTestClass.java:70)
	at java.base/java.util.ArrayList.forEach(ArrayList.java:1596)
... Removed 30 stack frames</div></td></tr></table><p class="totop"><a href="#summary">back to summary</a></p>
<h3 id="m5">testClasses.HomePageTestClass#verifyAllTilesDisplayedOnHomePage</h3><table class="result"><tr><th class="invisible"/></tr></table><p class="totop"><a href="#summary">back to summary</a></p>
<h3 id="m6">testClasses.HomePageTestClass#verifySuccessfulSignOut</h3><table class="result"><tr><th class="invisible"/></tr></table><p class="totop"><a href="#summary">back to summary</a></p>
<h3 id="m7">testClasses.HomePageTestClass#verifyTheTooltip_Calculator_isShowingWhileHoveringTheMouseOnCalculator</h3><table class="result"><tr><th class="invisible"/></tr></table><p class="totop"><a href="#summary">back to summary</a></p>
<h3 id="m8">testClasses.LoginPageTestClass#verifyResetPasswordPageComingWhileChickingOnForgotYourPassword</h3><table class="result"><tr><th class="invisible"/></tr></table><p class="totop"><a href="#summary">back to summary</a></p>
<h3 id="m9">testClasses.LoginPageTestClass#verifySuccessfullLogin</h3><table class="result"><tr><th class="invisible"/></tr></table><p class="totop"><a href="#summary">back to summary</a></p>
<h3 id="m10">testClasses.LoginPageTestClass#verifyTheExactURL_OpensWhileHittingTheBaseURL</h3><table class="result"><tr><th class="invisible"/></tr></table><p class="totop"><a href="#summary">back to summary</a></p>
<h3 id="m11">testClasses.LoginPageTestClass#verifyTheRememberMeCheckboxIsSelectedByDefault</h3><table class="result"><tr><th class="invisible"/></tr></table><p class="totop"><a href="#summary">back to summary</a></p>
<h3 id="m12">testClasses.LoginPageTestClass#verifyUnsuccessfulLoginOfTheSite</h3><table class="result"><tr class="param"><th>Parameter #1</th><th>Parameter #2</th></tr><tr class="param stripe"><td>ad</td><td>124</td></tr></table><p class="totop"><a href="#summary">back to summary</a></p>
<h3 id="m13">testClasses.LoginPageTestClass#verifyUnsuccessfulLoginOfTheSite</h3><table class="result"><tr class="param"><th>Parameter #1</th><th>Parameter #2</th></tr><tr class="param stripe"><td>adm</td><td>123456</td></tr></table><p class="totop"><a href="#summary">back to summary</a></p>
<h3 id="m14">testClasses.LoginPageTestClass#verifyUnsuccessfulLoginOfTheSite</h3><table class="result"><tr class="param"><th>Parameter #1</th><th>Parameter #2</th></tr><tr class="param stripe"><td>admin</td><td>ad</td></tr></table><p class="totop"><a href="#summary">back to summary</a></p>
<h3 id="m15">testClasses.ManageProductTestClass#verifyProductsPageIsOpenWhileClickingOnListProducts</h3><table class="result"><tr><th class="invisible"/></tr></table><p class="totop"><a href="#summary">back to summary</a></p>
<h3 id="m16">testClasses.ManageProductTestClass#verifyToCreateA_newProduct</h3><table class="result"><tr><th class="invisible"/></tr></table><p class="totop"><a href="#summary">back to summary</a></p>
<h3 id="m17">testClasses.ManageProductTestClass#verifyToDeleteAddedProduct</h3><table class="result"><tr><th class="invisible"/></tr></table><p class="totop"><a href="#summary">back to summary</a></p>
<h3 id="m18">testClasses.ManageUserTestClass#verifyTheManageUsersPageIsOpenWhileClickingOnUsers</h3><table class="result"><tr><th class="invisible"/></tr></table><p class="totop"><a href="#summary">back to summary</a></p>
<h3 id="m19">testClasses.ManageUserTestClass#verifyToAdd_aNewUser</h3><table class="result"><tr><th class="invisible"/></tr></table><p class="totop"><a href="#summary">back to summary</a></p>
<h2>EdgeTest</h2><h3 id="m20">testClasses.HomePageTestClass#verifyAllTilesDisplayedOnHomePage</h3><table class="result"><tr><th class="invisible"/></tr></table><p class="totop"><a href="#summary">back to summary</a></p>
<h3 id="m21">testClasses.HomePageTestClass#verifySuccessfulSignOut</h3><table class="result"><tr><th class="invisible"/></tr></table><p class="totop"><a href="#summary">back to summary</a></p>
<h3 id="m22">testClasses.HomePageTestClass#verifyTheTooltip_Calculator_isShowingWhileHoveringTheMouseOnCalculator</h3><table class="result"><tr><th class="invisible"/></tr></table><p class="totop"><a href="#summary">back to summary</a></p>
<h3 id="m23">testClasses.LoginPageTestClass#verifyResetPasswordPageComingWhileChickingOnForgotYourPassword</h3><table class="result"><tr><th class="invisible"/></tr></table><p class="totop"><a href="#summary">back to summary</a></p>
<h3 id="m24">testClasses.LoginPageTestClass#verifySuccessfullLogin</h3><table class="result"><tr><th class="invisible"/></tr></table><p class="totop"><a href="#summary">back to summary</a></p>
<h3 id="m25">testClasses.LoginPageTestClass#verifyTheExactURL_OpensWhileHittingTheBaseURL</h3><table class="result"><tr><th class="invisible"/></tr></table><p class="totop"><a href="#summary">back to summary</a></p>
<h3 id="m26">testClasses.LoginPageTestClass#verifyTheRememberMeCheckboxIsSelectedByDefault</h3><table class="result"><tr><th class="invisible"/></tr></table><p class="totop"><a href="#summary">back to summary</a></p>
<h3 id="m27">testClasses.LoginPageTestClass#verifyUnsuccessfulLoginOfTheSite</h3><table class="result"><tr class="param"><th>Parameter #1</th><th>Parameter #2</th></tr><tr class="param stripe"><td>admin</td><td>ad</td></tr></table><p class="totop"><a href="#summary">back to summary</a></p>
<h3 id="m28">testClasses.LoginPageTestClass#verifyUnsuccessfulLoginOfTheSite</h3><table class="result"><tr class="param"><th>Parameter #1</th><th>Parameter #2</th></tr><tr class="param stripe"><td>adm</td><td>123456</td></tr></table><p class="totop"><a href="#summary">back to summary</a></p>
<h3 id="m29">testClasses.LoginPageTestClass#verifyUnsuccessfulLoginOfTheSite</h3><table class="result"><tr class="param"><th>Parameter #1</th><th>Parameter #2</th></tr><tr class="param stripe"><td>ad</td><td>124</td></tr></table><p class="totop"><a href="#summary">back to summary</a></p>
<h3 id="m30">testClasses.ManageProductTestClass#verifyProductsPageIsOpenWhileClickingOnListProducts</h3><table class="result"><tr><th class="invisible"/></tr></table><p class="totop"><a href="#summary">back to summary</a></p>
<h3 id="m31">testClasses.ManageProductTestClass#verifyToCreateA_newProduct</h3><table class="result"><tr><th class="invisible"/></tr></table><p class="totop"><a href="#summary">back to summary</a></p>
<h3 id="m32">testClasses.ManageProductTestClass#verifyToDeleteAddedProduct</h3><table class="result"><tr><th class="invisible"/></tr></table><p class="totop"><a href="#summary">back to summary</a></p>
<h3 id="m33">testClasses.ManageUserTestClass#verifyTheManageUsersPageIsOpenWhileClickingOnUsers</h3><table class="result"><tr><th class="invisible"/></tr></table><p class="totop"><a href="#summary">back to summary</a></p>
<h3 id="m34">testClasses.ManageUserTestClass#verifyToAdd_aNewUser</h3><table class="result"><tr><th class="invisible"/></tr></table><p class="totop"><a href="#summary">back to summary</a></p>
</body>
</html>
